2014-05-21 09:12:30,708 [main] DEBUG com.denimgroup.threadfix.remote.HttpRestUtils (HttpRestUtils.java:243) - Building POST url with path /vulnerabilities and base url http://localhost:8080/rest
2014-05-21 09:12:30,717 [main] DEBUG com.denimgroup.threadfix.remote.HttpRestUtils (HttpRestUtils.java:249) - Returning http://localhost:8080/rest/vulnerabilities
2014-05-21 09:12:30,970 [main] WARN  com.denimgroup.threadfix.remote.HttpRestUtils (HttpRestUtils.java:156) - Request for 'http://localhost:8080/rest/vulnerabilities' status was 404, not 200 as expected.
2014-05-21 09:12:30,995 [main] DEBUG com.denimgroup.threadfix.remote.response.ResponseParser (ResponseParser.java:61) - Parsing response for type com.denimgroup.threadfix.data.entities.Vulnerability[]
2014-05-21 09:12:30,996 [main] DEBUG com.denimgroup.threadfix.remote.response.ResponseParser (ResponseParser.java:88) - Setting response code to 404.
2014-05-21 09:12:50,167 [main] DEBUG com.denimgroup.threadfix.remote.HttpRestUtils (HttpRestUtils.java:243) - Building POST url with path /vulnerabilities and base url http://localhost:8080/rest
2014-05-21 09:12:50,170 [main] DEBUG com.denimgroup.threadfix.remote.HttpRestUtils (HttpRestUtils.java:249) - Returning http://localhost:8080/rest/vulnerabilities
2014-05-21 09:12:50,312 [main] WARN  com.denimgroup.threadfix.remote.HttpRestUtils (HttpRestUtils.java:156) - Request for 'http://localhost:8080/rest/vulnerabilities' status was 404, not 200 as expected.
2014-05-21 09:12:50,325 [main] DEBUG com.denimgroup.threadfix.remote.response.ResponseParser (ResponseParser.java:61) - Parsing response for type com.denimgroup.threadfix.data.entities.Vulnerability[]
2014-05-21 09:12:50,325 [main] DEBUG com.denimgroup.threadfix.remote.response.ResponseParser (ResponseParser.java:88) - Setting response code to 404.
2014-05-21 09:13:04,286 [main] DEBUG com.denimgroup.threadfix.remote.HttpRestUtils (HttpRestUtils.java:243) - Building POST url with path /vulnerabilities and base url http://localhost:8080/threadfix/rest
2014-05-21 09:13:04,289 [main] DEBUG com.denimgroup.threadfix.remote.HttpRestUtils (HttpRestUtils.java:249) - Returning http://localhost:8080/threadfix/rest/vulnerabilities
2014-05-21 09:13:05,242 [main] DEBUG com.denimgroup.threadfix.remote.response.ResponseParser (ResponseParser.java:61) - Parsing response for type com.denimgroup.threadfix.data.entities.Vulnerability[]
2014-05-21 09:13:05,722 [main] DEBUG com.denimgroup.threadfix.remote.response.ResponseParser (ResponseParser.java:79) - Parsed result into [Lcom.denimgroup.threadfix.data.entities.Vulnerability; correctly.
2014-05-21 09:13:05,723 [main] DEBUG com.denimgroup.threadfix.remote.response.ResponseParser (ResponseParser.java:88) - Setting response code to 200.
2014-05-21 09:13:20,856 [main] DEBUG com.denimgroup.threadfix.remote.HttpRestUtils (HttpRestUtils.java:243) - Building POST url with path /vulnerabilities and base url http://localhost:8080/threadfix/rest
2014-05-21 09:13:20,859 [main] DEBUG com.denimgroup.threadfix.remote.HttpRestUtils (HttpRestUtils.java:249) - Returning http://localhost:8080/threadfix/rest/vulnerabilities
2014-05-21 09:13:21,570 [main] DEBUG com.denimgroup.threadfix.remote.response.ResponseParser (ResponseParser.java:61) - Parsing response for type com.denimgroup.threadfix.data.entities.Vulnerability[]
2014-05-21 09:13:21,790 [main] DEBUG com.denimgroup.threadfix.remote.response.ResponseParser (ResponseParser.java:79) - Parsed result into [Lcom.denimgroup.threadfix.data.entities.Vulnerability; correctly.
2014-05-21 09:13:21,790 [main] DEBUG com.denimgroup.threadfix.remote.response.ResponseParser (ResponseParser.java:88) - Setting response code to 200.
2014-05-21 09:13:34,123 [main] DEBUG com.denimgroup.threadfix.remote.HttpRestUtils (HttpRestUtils.java:243) - Building POST url with path /vulnerabilities and base url http://localhost:8080/threadfix/rest
2014-05-21 09:13:34,126 [main] DEBUG com.denimgroup.threadfix.remote.HttpRestUtils (HttpRestUtils.java:249) - Returning http://localhost:8080/threadfix/rest/vulnerabilities
2014-05-21 09:15:13,499 [main] DEBUG com.denimgroup.threadfix.remote.response.ResponseParser (ResponseParser.java:61) - Parsing response for type com.denimgroup.threadfix.data.entities.Vulnerability[]
2014-05-21 09:15:13,727 [main] DEBUG com.denimgroup.threadfix.remote.response.ResponseParser (ResponseParser.java:79) - Parsed result into [Lcom.denimgroup.threadfix.data.entities.Vulnerability; correctly.
2014-05-21 09:15:13,727 [main] DEBUG com.denimgroup.threadfix.remote.response.ResponseParser (ResponseParser.java:88) - Setting response code to 200.
2014-05-21 09:15:19,900 [main] DEBUG com.denimgroup.threadfix.remote.HttpRestUtils (HttpRestUtils.java:213) - Building POST url with path /vulnerabilities and base url http://localhost:8080/threadfix/rest
2014-05-21 09:15:19,904 [main] DEBUG com.denimgroup.threadfix.remote.HttpRestUtils (HttpRestUtils.java:219) - Returning http://localhost:8080/threadfix/rest/vulnerabilities
2014-05-21 09:15:27,662 [main] DEBUG com.denimgroup.threadfix.remote.response.ResponseParser (ResponseParser.java:61) - Parsing response for type com.denimgroup.threadfix.data.entities.Vulnerability[]
2014-05-21 09:15:27,896 [main] DEBUG com.denimgroup.threadfix.remote.response.ResponseParser (ResponseParser.java:79) - Parsed result into [Lcom.denimgroup.threadfix.data.entities.Vulnerability; correctly.
2014-05-21 09:15:27,896 [main] DEBUG com.denimgroup.threadfix.remote.response.ResponseParser (ResponseParser.java:88) - Setting response code to 200.
2014-05-21 09:15:46,268 [main] DEBUG com.denimgroup.threadfix.remote.HttpRestUtils (HttpRestUtils.java:213) - Building POST url with path /vulnerabilities and base url http://localhost:8080/threadfix/rest
2014-05-21 09:15:46,273 [main] DEBUG com.denimgroup.threadfix.remote.HttpRestUtils (HttpRestUtils.java:219) - Returning http://localhost:8080/threadfix/rest/vulnerabilities
2014-05-21 09:15:49,480 [main] DEBUG com.denimgroup.threadfix.remote.response.ResponseParser (ResponseParser.java:61) - Parsing response for type com.denimgroup.threadfix.data.entities.Vulnerability[]
2014-05-21 09:15:49,701 [main] DEBUG com.denimgroup.threadfix.remote.response.ResponseParser (ResponseParser.java:79) - Parsed result into [Lcom.denimgroup.threadfix.data.entities.Vulnerability; correctly.
2014-05-21 09:15:49,701 [main] DEBUG com.denimgroup.threadfix.remote.response.ResponseParser (ResponseParser.java:88) - Setting response code to 200.
2014-05-21 09:15:52,033 [main] DEBUG com.denimgroup.threadfix.remote.HttpRestUtils (HttpRestUtils.java:213) - Building POST url with path /vulnerabilities and base url http://localhost:8080/threadfix/rest
2014-05-21 09:15:52,037 [main] DEBUG com.denimgroup.threadfix.remote.HttpRestUtils (HttpRestUtils.java:219) - Returning http://localhost:8080/threadfix/rest/vulnerabilities
2014-05-21 09:15:54,101 [main] DEBUG com.denimgroup.threadfix.remote.response.ResponseParser (ResponseParser.java:61) - Parsing response for type com.denimgroup.threadfix.data.entities.Vulnerability[]
2014-05-21 09:15:54,387 [main] DEBUG com.denimgroup.threadfix.remote.response.ResponseParser (ResponseParser.java:79) - Parsed result into [Lcom.denimgroup.threadfix.data.entities.Vulnerability; correctly.
2014-05-21 09:15:54,387 [main] DEBUG com.denimgroup.threadfix.remote.response.ResponseParser (ResponseParser.java:88) - Setting response code to 200.
2014-05-21 09:16:34,137 [main] DEBUG com.denimgroup.threadfix.remote.HttpRestUtils (HttpRestUtils.java:213) - Building POST url with path /vulnerabilities and base url http://localhost:8080/threadfix/rest
2014-05-21 09:16:34,142 [main] DEBUG com.denimgroup.threadfix.remote.HttpRestUtils (HttpRestUtils.java:219) - Returning http://localhost:8080/threadfix/rest/vulnerabilities
2014-05-21 09:16:46,627 [main] DEBUG com.denimgroup.threadfix.remote.response.ResponseParser (ResponseParser.java:61) - Parsing response for type com.denimgroup.threadfix.data.entities.Vulnerability[]
2014-05-21 09:16:46,879 [main] DEBUG com.denimgroup.threadfix.remote.response.ResponseParser (ResponseParser.java:79) - Parsed result into [Lcom.denimgroup.threadfix.data.entities.Vulnerability; correctly.
2014-05-21 09:16:46,879 [main] DEBUG com.denimgroup.threadfix.remote.response.ResponseParser (ResponseParser.java:88) - Setting response code to 200.
2014-05-21 09:17:10,132 [main] DEBUG com.denimgroup.threadfix.remote.HttpRestUtils (HttpRestUtils.java:213) - Building POST url with path /vulnerabilities and base url http://localhost:8080/threadfix/rest
2014-05-21 09:17:10,136 [main] DEBUG com.denimgroup.threadfix.remote.HttpRestUtils (HttpRestUtils.java:219) - Returning http://localhost:8080/threadfix/rest/vulnerabilities
2014-05-21 09:17:23,362 [main] DEBUG com.denimgroup.threadfix.remote.response.ResponseParser (ResponseParser.java:61) - Parsing response for type com.denimgroup.threadfix.data.entities.Vulnerability[]
2014-05-21 09:17:23,646 [main] DEBUG com.denimgroup.threadfix.remote.response.ResponseParser (ResponseParser.java:79) - Parsed result into [Lcom.denimgroup.threadfix.data.entities.Vulnerability; correctly.
2014-05-21 09:17:23,646 [main] DEBUG com.denimgroup.threadfix.remote.response.ResponseParser (ResponseParser.java:88) - Setting response code to 200.
2014-05-21 09:19:37,218 [main] DEBUG com.denimgroup.threadfix.remote.HttpRestUtils (HttpRestUtils.java:213) - Building POST url with path /vulnerabilities and base url http://localhost:8080/threadfix/rest
2014-05-21 09:19:37,222 [main] DEBUG com.denimgroup.threadfix.remote.HttpRestUtils (HttpRestUtils.java:219) - Returning http://localhost:8080/threadfix/rest/vulnerabilities
2014-05-21 09:19:42,699 [main] DEBUG com.denimgroup.threadfix.remote.response.ResponseParser (ResponseParser.java:61) - Parsing response for type com.denimgroup.threadfix.data.entities.Vulnerability[]
2014-05-21 09:19:42,987 [main] DEBUG com.denimgroup.threadfix.remote.response.ResponseParser (ResponseParser.java:79) - Parsed result into [Lcom.denimgroup.threadfix.data.entities.Vulnerability; correctly.
2014-05-21 09:19:42,987 [main] DEBUG com.denimgroup.threadfix.remote.response.ResponseParser (ResponseParser.java:88) - Setting response code to 200.
2014-05-21 09:19:50,194 [main] DEBUG com.denimgroup.threadfix.remote.HttpRestUtils (HttpRestUtils.java:213) - Building POST url with path /vulnerabilities and base url http://localhost:8080/threadfix/rest
2014-05-21 09:19:50,198 [main] DEBUG com.denimgroup.threadfix.remote.HttpRestUtils (HttpRestUtils.java:219) - Returning http://localhost:8080/threadfix/rest/vulnerabilities
2014-05-21 09:19:50,731 [main] DEBUG com.denimgroup.threadfix.remote.response.ResponseParser (ResponseParser.java:61) - Parsing response for type com.denimgroup.threadfix.data.entities.Vulnerability[]
2014-05-21 09:19:51,041 [main] DEBUG com.denimgroup.threadfix.remote.response.ResponseParser (ResponseParser.java:79) - Parsed result into [Lcom.denimgroup.threadfix.data.entities.Vulnerability; correctly.
2014-05-21 09:19:51,041 [main] DEBUG com.denimgroup.threadfix.remote.response.ResponseParser (ResponseParser.java:88) - Setting response code to 200.
2014-05-21 09:21:21,566 [main] DEBUG com.denimgroup.threadfix.remote.HttpRestUtils (HttpRestUtils.java:213) - Building POST url with path /vulnerabilities and base url http://localhost:8080/threadfix/rest
2014-05-21 09:21:21,571 [main] DEBUG com.denimgroup.threadfix.remote.HttpRestUtils (HttpRestUtils.java:219) - Returning http://localhost:8080/threadfix/rest/vulnerabilities
2014-05-21 09:21:49,667 [main] DEBUG com.denimgroup.threadfix.remote.response.ResponseParser (ResponseParser.java:61) - Parsing response for type com.denimgroup.threadfix.data.entities.Vulnerability[]
2014-05-21 09:21:49,907 [main] DEBUG com.denimgroup.threadfix.remote.response.ResponseParser (ResponseParser.java:79) - Parsed result into [Lcom.denimgroup.threadfix.data.entities.Vulnerability; correctly.
2014-05-21 09:21:49,908 [main] DEBUG com.denimgroup.threadfix.remote.response.ResponseParser (ResponseParser.java:88) - Setting response code to 200.
2014-05-21 09:23:01,488 [main] DEBUG com.denimgroup.threadfix.remote.HttpRestUtils (HttpRestUtils.java:213) - Building POST url with path /vulnerabilities and base url http://localhost:8080/threadfix/rest
2014-05-21 09:23:01,493 [main] DEBUG com.denimgroup.threadfix.remote.HttpRestUtils (HttpRestUtils.java:219) - Returning http://localhost:8080/threadfix/rest/vulnerabilities
2014-05-21 09:23:05,829 [main] DEBUG com.denimgroup.threadfix.remote.HttpRestUtils (HttpRestUtils.java:213) - Building POST url with path /vulnerabilities and base url http://localhost:8080/threadfix/rest
2014-05-21 09:23:05,832 [main] DEBUG com.denimgroup.threadfix.remote.HttpRestUtils (HttpRestUtils.java:219) - Returning http://localhost:8080/threadfix/rest/vulnerabilities
2014-05-21 09:23:12,113 [main] DEBUG com.denimgroup.threadfix.remote.HttpRestUtils (HttpRestUtils.java:213) - Building POST url with path /vulnerabilities and base url http://localhost:8080/threadfix/rest
2014-05-21 09:23:12,118 [main] DEBUG com.denimgroup.threadfix.remote.HttpRestUtils (HttpRestUtils.java:219) - Returning http://localhost:8080/threadfix/rest/vulnerabilities
2014-05-21 09:23:17,251 [main] DEBUG com.denimgroup.threadfix.remote.HttpRestUtils (HttpRestUtils.java:213) - Building POST url with path /vulnerabilities and base url http://localhost:8080/threadfix/rest
2014-05-21 09:23:17,254 [main] DEBUG com.denimgroup.threadfix.remote.HttpRestUtils (HttpRestUtils.java:219) - Returning http://localhost:8080/threadfix/rest/vulnerabilities
2014-05-21 09:24:14,809 [main] DEBUG com.denimgroup.threadfix.remote.HttpRestUtils (HttpRestUtils.java:213) - Building POST url with path /vulnerabilities and base url http://localhost:8080/threadfix/rest
2014-05-21 09:24:14,813 [main] DEBUG com.denimgroup.threadfix.remote.HttpRestUtils (HttpRestUtils.java:219) - Returning http://localhost:8080/threadfix/rest/vulnerabilities
2014-05-21 09:24:17,671 [main] DEBUG com.denimgroup.threadfix.remote.response.ResponseParser (ResponseParser.java:61) - Parsing response for type com.denimgroup.threadfix.data.entities.Vulnerability[]
2014-05-21 09:24:17,923 [main] DEBUG com.denimgroup.threadfix.remote.response.ResponseParser (ResponseParser.java:79) - Parsed result into [Lcom.denimgroup.threadfix.data.entities.Vulnerability; correctly.
2014-05-21 09:24:17,923 [main] DEBUG com.denimgroup.threadfix.remote.response.ResponseParser (ResponseParser.java:88) - Setting response code to 200.
2014-05-21 09:27:35,391 [main] DEBUG com.denimgroup.threadfix.remote.HttpRestUtils (HttpRestUtils.java:213) - Building POST url with path /vulnerabilities and base url http://localhost:8080/threadfix/rest
2014-05-21 09:27:35,396 [main] DEBUG com.denimgroup.threadfix.remote.HttpRestUtils (HttpRestUtils.java:219) - Returning http://localhost:8080/threadfix/rest/vulnerabilities
2014-05-21 09:27:42,557 [main] DEBUG com.denimgroup.threadfix.remote.response.ResponseParser (ResponseParser.java:61) - Parsing response for type com.denimgroup.threadfix.data.entities.Vulnerability[]
2014-05-21 09:27:42,796 [main] DEBUG com.denimgroup.threadfix.remote.response.ResponseParser (ResponseParser.java:79) - Parsed result into [Lcom.denimgroup.threadfix.data.entities.Vulnerability; correctly.
2014-05-21 09:27:42,796 [main] DEBUG com.denimgroup.threadfix.remote.response.ResponseParser (ResponseParser.java:88) - Setting response code to 200.
2014-05-21 09:28:12,473 [main] DEBUG com.denimgroup.threadfix.remote.HttpRestUtils (HttpRestUtils.java:213) - Building POST url with path /vulnerabilities and base url http://localhost:8080/threadfix/rest
2014-05-21 09:28:12,477 [main] DEBUG com.denimgroup.threadfix.remote.HttpRestUtils (HttpRestUtils.java:219) - Returning http://localhost:8080/threadfix/rest/vulnerabilities
2014-05-21 09:28:21,400 [main] DEBUG com.denimgroup.threadfix.remote.response.ResponseParser (ResponseParser.java:61) - Parsing response for type com.denimgroup.threadfix.data.entities.Vulnerability[]
2014-05-21 09:28:21,740 [main] DEBUG com.denimgroup.threadfix.remote.response.ResponseParser (ResponseParser.java:79) - Parsed result into [Lcom.denimgroup.threadfix.data.entities.Vulnerability; correctly.
2014-05-21 09:28:21,740 [main] DEBUG com.denimgroup.threadfix.remote.response.ResponseParser (ResponseParser.java:88) - Setting response code to 200.
2014-05-21 09:30:32,918 [main] DEBUG com.denimgroup.threadfix.remote.HttpRestUtils (HttpRestUtils.java:213) - Building POST url with path /vulnerabilities and base url http://localhost:8080/threadfix/rest
2014-05-21 09:30:32,922 [main] DEBUG com.denimgroup.threadfix.remote.HttpRestUtils (HttpRestUtils.java:219) - Returning http://localhost:8080/threadfix/rest/vulnerabilities
2014-05-21 09:30:38,014 [main] DEBUG com.denimgroup.threadfix.remote.response.ResponseParser (ResponseParser.java:61) - Parsing response for type com.denimgroup.threadfix.data.entities.Vulnerability[]
2014-05-21 09:30:38,264 [main] DEBUG com.denimgroup.threadfix.remote.response.ResponseParser (ResponseParser.java:79) - Parsed result into [Lcom.denimgroup.threadfix.data.entities.Vulnerability; correctly.
2014-05-21 09:30:38,264 [main] DEBUG com.denimgroup.threadfix.remote.response.ResponseParser (ResponseParser.java:88) - Setting response code to 200.
2014-05-21 09:31:27,609 [main] DEBUG com.denimgroup.threadfix.remote.HttpRestUtils (HttpRestUtils.java:213) - Building POST url with path /vulnerabilities and base url http://localhost:8080/threadfix/rest
2014-05-21 09:31:27,626 [main] DEBUG com.denimgroup.threadfix.remote.HttpRestUtils (HttpRestUtils.java:219) - Returning http://localhost:8080/threadfix/rest/vulnerabilities
2014-05-21 09:31:28,239 [main] DEBUG com.denimgroup.threadfix.remote.response.ResponseParser (ResponseParser.java:61) - Parsing response for type com.denimgroup.threadfix.data.entities.Vulnerability[]
2014-05-21 09:31:28,515 [main] DEBUG com.denimgroup.threadfix.remote.response.ResponseParser (ResponseParser.java:79) - Parsed result into [Lcom.denimgroup.threadfix.data.entities.Vulnerability; correctly.
2014-05-21 09:31:28,515 [main] DEBUG com.denimgroup.threadfix.remote.response.ResponseParser (ResponseParser.java:88) - Setting response code to 200.
2014-05-21 09:31:53,900 [main] DEBUG com.denimgroup.threadfix.remote.HttpRestUtils (HttpRestUtils.java:213) - Building POST url with path /vulnerabilities and base url http://localhost:8080/threadfix/rest
2014-05-21 09:31:53,903 [main] DEBUG com.denimgroup.threadfix.remote.HttpRestUtils (HttpRestUtils.java:219) - Returning http://localhost:8080/threadfix/rest/vulnerabilities
2014-05-21 09:31:54,335 [main] DEBUG com.denimgroup.threadfix.remote.response.ResponseParser (ResponseParser.java:61) - Parsing response for type com.denimgroup.threadfix.data.entities.Vulnerability[]
2014-05-21 09:31:54,557 [main] DEBUG com.denimgroup.threadfix.remote.response.ResponseParser (ResponseParser.java:79) - Parsed result into [Lcom.denimgroup.threadfix.data.entities.Vulnerability; correctly.
2014-05-21 09:31:54,557 [main] DEBUG com.denimgroup.threadfix.remote.response.ResponseParser (ResponseParser.java:88) - Setting response code to 200.
2014-05-21 09:57:53,068 [main] DEBUG com.denimgroup.threadfix.remote.HttpRestUtils (HttpRestUtils.java:213) - Building POST url with path /vulnerabilities and base url http://localhost:8080/threadfix/rest
2014-05-21 09:57:53,084 [main] DEBUG com.denimgroup.threadfix.remote.HttpRestUtils (HttpRestUtils.java:219) - Returning http://localhost:8080/threadfix/rest/vulnerabilities
2014-05-21 09:57:53,809 [main] DEBUG com.denimgroup.threadfix.remote.response.ResponseParser (ResponseParser.java:61) - Parsing response for type com.denimgroup.threadfix.data.entities.Vulnerability[]
2014-05-21 09:57:54,083 [main] DEBUG com.denimgroup.threadfix.remote.response.ResponseParser (ResponseParser.java:79) - Parsed result into [Lcom.denimgroup.threadfix.data.entities.Vulnerability; correctly.
2014-05-21 09:57:54,083 [main] DEBUG com.denimgroup.threadfix.remote.response.ResponseParser (ResponseParser.java:88) - Setting response code to 200.
2014-05-21 09:57:54,139 [main] DEBUG com.denimgroup.threadfix.remote.HttpRestUtils (HttpRestUtils.java:213) - Building POST url with path /vulnerabilities and base url http://localhost:8080/threadfix/rest
2014-05-21 09:57:54,140 [main] DEBUG com.denimgroup.threadfix.remote.HttpRestUtils (HttpRestUtils.java:219) - Returning http://localhost:8080/threadfix/rest/vulnerabilities
2014-05-21 09:57:54,607 [main] DEBUG com.denimgroup.threadfix.remote.response.ResponseParser (ResponseParser.java:61) - Parsing response for type com.denimgroup.threadfix.data.entities.Vulnerability[]
2014-05-21 09:57:54,654 [main] DEBUG com.denimgroup.threadfix.remote.response.ResponseParser (ResponseParser.java:79) - Parsed result into [Lcom.denimgroup.threadfix.data.entities.Vulnerability; correctly.
2014-05-21 09:57:54,654 [main] DEBUG com.denimgroup.threadfix.remote.response.ResponseParser (ResponseParser.java:88) - Setting response code to 200.
2014-05-21 09:58:35,317 [main] DEBUG com.denimgroup.threadfix.remote.HttpRestUtils (HttpRestUtils.java:213) - Building POST url with path /vulnerabilities and base url http://localhost:8080/threadfix/rest
2014-05-21 09:58:35,322 [main] DEBUG com.denimgroup.threadfix.remote.HttpRestUtils (HttpRestUtils.java:219) - Returning http://localhost:8080/threadfix/rest/vulnerabilities
2014-05-21 09:58:35,760 [main] DEBUG com.denimgroup.threadfix.remote.response.ResponseParser (ResponseParser.java:61) - Parsing response for type com.denimgroup.threadfix.data.entities.Vulnerability[]
2014-05-21 09:58:35,980 [main] DEBUG com.denimgroup.threadfix.remote.response.ResponseParser (ResponseParser.java:79) - Parsed result into [Lcom.denimgroup.threadfix.data.entities.Vulnerability; correctly.
2014-05-21 09:58:35,980 [main] DEBUG com.denimgroup.threadfix.remote.response.ResponseParser (ResponseParser.java:88) - Setting response code to 200.
2014-05-21 09:58:35,982 [main] DEBUG com.denimgroup.threadfix.remote.HttpRestUtils (HttpRestUtils.java:213) - Building POST url with path /vulnerabilities and base url http://localhost:8080/threadfix/rest
2014-05-21 09:58:35,982 [main] DEBUG com.denimgroup.threadfix.remote.HttpRestUtils (HttpRestUtils.java:219) - Returning http://localhost:8080/threadfix/rest/vulnerabilities
2014-05-21 09:58:36,302 [main] DEBUG com.denimgroup.threadfix.remote.response.ResponseParser (ResponseParser.java:61) - Parsing response for type com.denimgroup.threadfix.data.entities.Vulnerability[]
2014-05-21 09:58:36,359 [main] DEBUG com.denimgroup.threadfix.remote.response.ResponseParser (ResponseParser.java:79) - Parsed result into [Lcom.denimgroup.threadfix.data.entities.Vulnerability; correctly.
2014-05-21 09:58:36,359 [main] DEBUG com.denimgroup.threadfix.remote.response.ResponseParser (ResponseParser.java:88) - Setting response code to 200.
2014-05-21 10:01:52,111 [main] DEBUG com.denimgroup.threadfix.remote.HttpRestUtils (HttpRestUtils.java:213) - Building POST url with path /vulnerabilities and base url http://localhost:8080/threadfix/rest
2014-05-21 10:01:52,119 [main] DEBUG com.denimgroup.threadfix.remote.HttpRestUtils (HttpRestUtils.java:219) - Returning http://localhost:8080/threadfix/rest/vulnerabilities
2014-05-21 10:01:52,662 [main] DEBUG com.denimgroup.threadfix.remote.response.ResponseParser (ResponseParser.java:61) - Parsing response for type com.denimgroup.threadfix.data.entities.Vulnerability[]
2014-05-21 10:01:52,948 [main] DEBUG com.denimgroup.threadfix.remote.response.ResponseParser (ResponseParser.java:79) - Parsed result into [Lcom.denimgroup.threadfix.data.entities.Vulnerability; correctly.
2014-05-21 10:01:52,949 [main] DEBUG com.denimgroup.threadfix.remote.response.ResponseParser (ResponseParser.java:88) - Setting response code to 200.
2014-05-21 10:01:52,950 [main] DEBUG com.denimgroup.threadfix.remote.HttpRestUtils (HttpRestUtils.java:213) - Building POST url with path /vulnerabilities and base url http://localhost:8080/threadfix/rest
2014-05-21 10:01:52,951 [main] DEBUG com.denimgroup.threadfix.remote.HttpRestUtils (HttpRestUtils.java:219) - Returning http://localhost:8080/threadfix/rest/vulnerabilities
2014-05-21 10:01:53,361 [main] DEBUG com.denimgroup.threadfix.remote.response.ResponseParser (ResponseParser.java:61) - Parsing response for type com.denimgroup.threadfix.data.entities.Vulnerability[]
2014-05-21 10:01:53,416 [main] DEBUG com.denimgroup.threadfix.remote.response.ResponseParser (ResponseParser.java:79) - Parsed result into [Lcom.denimgroup.threadfix.data.entities.Vulnerability; correctly.
2014-05-21 10:01:53,417 [main] DEBUG com.denimgroup.threadfix.remote.response.ResponseParser (ResponseParser.java:88) - Setting response code to 200.
2014-05-21 10:02:56,491 [main] DEBUG com.denimgroup.threadfix.remote.HttpRestUtils (HttpRestUtils.java:213) - Building POST url with path /vulnerabilities and base url http://localhost:8080/threadfix/rest
2014-05-21 10:02:56,497 [main] DEBUG com.denimgroup.threadfix.remote.HttpRestUtils (HttpRestUtils.java:219) - Returning http://localhost:8080/threadfix/rest/vulnerabilities
2014-05-21 10:03:00,901 [main] DEBUG com.denimgroup.threadfix.remote.response.ResponseParser (ResponseParser.java:61) - Parsing response for type com.denimgroup.threadfix.data.entities.Vulnerability[]
2014-05-21 10:03:01,327 [main] DEBUG com.denimgroup.threadfix.remote.response.ResponseParser (ResponseParser.java:79) - Parsed result into [Lcom.denimgroup.threadfix.data.entities.Vulnerability; correctly.
2014-05-21 10:03:01,328 [main] DEBUG com.denimgroup.threadfix.remote.response.ResponseParser (ResponseParser.java:88) - Setting response code to 200.
2014-05-21 10:03:01,330 [main] DEBUG com.denimgroup.threadfix.remote.HttpRestUtils (HttpRestUtils.java:213) - Building POST url with path /vulnerabilities and base url http://localhost:8080/threadfix/rest
2014-05-21 10:03:01,331 [main] DEBUG com.denimgroup.threadfix.remote.HttpRestUtils (HttpRestUtils.java:219) - Returning http://localhost:8080/threadfix/rest/vulnerabilities
2014-05-21 10:03:01,948 [main] DEBUG com.denimgroup.threadfix.remote.response.ResponseParser (ResponseParser.java:61) - Parsing response for type com.denimgroup.threadfix.data.entities.Vulnerability[]
2014-05-21 10:03:02,028 [main] DEBUG com.denimgroup.threadfix.remote.response.ResponseParser (ResponseParser.java:79) - Parsed result into [Lcom.denimgroup.threadfix.data.entities.Vulnerability; correctly.
2014-05-21 10:03:02,028 [main] DEBUG com.denimgroup.threadfix.remote.response.ResponseParser (ResponseParser.java:88) - Setting response code to 200.
2014-05-21 10:04:19,759 [main] DEBUG com.denimgroup.threadfix.remote.HttpRestUtils (HttpRestUtils.java:213) - Building POST url with path /vulnerabilities and base url http://localhost:8080/threadfix/rest
2014-05-21 10:04:19,766 [main] DEBUG com.denimgroup.threadfix.remote.HttpRestUtils (HttpRestUtils.java:219) - Returning http://localhost:8080/threadfix/rest/vulnerabilities
2014-05-21 10:04:20,308 [main] DEBUG com.denimgroup.threadfix.remote.response.ResponseParser (ResponseParser.java:61) - Parsing response for type com.denimgroup.threadfix.data.entities.Vulnerability[]
2014-05-21 10:04:20,585 [main] DEBUG com.denimgroup.threadfix.remote.response.ResponseParser (ResponseParser.java:79) - Parsed result into [Lcom.denimgroup.threadfix.data.entities.Vulnerability; correctly.
2014-05-21 10:04:20,585 [main] DEBUG com.denimgroup.threadfix.remote.response.ResponseParser (ResponseParser.java:88) - Setting response code to 200.
2014-05-21 10:04:20,586 [main] DEBUG com.denimgroup.threadfix.remote.HttpRestUtils (HttpRestUtils.java:213) - Building POST url with path /vulnerabilities and base url http://localhost:8080/threadfix/rest
2014-05-21 10:04:20,587 [main] DEBUG com.denimgroup.threadfix.remote.HttpRestUtils (HttpRestUtils.java:219) - Returning http://localhost:8080/threadfix/rest/vulnerabilities
2014-05-21 10:04:20,897 [main] DEBUG com.denimgroup.threadfix.remote.response.ResponseParser (ResponseParser.java:61) - Parsing response for type com.denimgroup.threadfix.data.entities.Vulnerability[]
2014-05-21 10:04:20,958 [main] DEBUG com.denimgroup.threadfix.remote.response.ResponseParser (ResponseParser.java:79) - Parsed result into [Lcom.denimgroup.threadfix.data.entities.Vulnerability; correctly.
2014-05-21 10:04:20,963 [main] DEBUG com.denimgroup.threadfix.remote.response.ResponseParser (ResponseParser.java:88) - Setting response code to 200.
2014-05-21 10:12:59,850 [main] DEBUG com.denimgroup.threadfix.remote.HttpRestUtils (HttpRestUtils.java:213) - Building POST url with path /vulnerabilities and base url http://localhost:8080/threadfix/rest
2014-05-21 10:12:59,864 [main] DEBUG com.denimgroup.threadfix.remote.HttpRestUtils (HttpRestUtils.java:219) - Returning http://localhost:8080/threadfix/rest/vulnerabilities
2014-05-21 10:13:02,513 [main] DEBUG com.denimgroup.threadfix.remote.response.ResponseParser (ResponseParser.java:61) - Parsing response for type com.denimgroup.threadfix.data.entities.Vulnerability[]
2014-05-21 10:13:02,736 [main] DEBUG com.denimgroup.threadfix.remote.response.ResponseParser (ResponseParser.java:79) - Parsed result into [Lcom.denimgroup.threadfix.data.entities.Vulnerability; correctly.
2014-05-21 10:13:02,736 [main] DEBUG com.denimgroup.threadfix.remote.response.ResponseParser (ResponseParser.java:88) - Setting response code to 200.
2014-05-21 10:13:02,737 [main] DEBUG com.denimgroup.threadfix.remote.HttpRestUtils (HttpRestUtils.java:213) - Building POST url with path /vulnerabilities and base url http://localhost:8080/threadfix/rest
2014-05-21 10:13:02,738 [main] DEBUG com.denimgroup.threadfix.remote.HttpRestUtils (HttpRestUtils.java:219) - Returning http://localhost:8080/threadfix/rest/vulnerabilities
2014-05-21 10:13:03,131 [main] DEBUG com.denimgroup.threadfix.remote.response.ResponseParser (ResponseParser.java:61) - Parsing response for type com.denimgroup.threadfix.data.entities.Vulnerability[]
2014-05-21 10:13:03,208 [main] DEBUG com.denimgroup.threadfix.remote.response.ResponseParser (ResponseParser.java:79) - Parsed result into [Lcom.denimgroup.threadfix.data.entities.Vulnerability; correctly.
2014-05-21 10:13:03,208 [main] DEBUG com.denimgroup.threadfix.remote.response.ResponseParser (ResponseParser.java:88) - Setting response code to 200.
2014-05-21 10:13:03,209 [main] DEBUG com.denimgroup.threadfix.remote.HttpRestUtils (HttpRestUtils.java:213) - Building POST url with path /vulnerabilities and base url http://localhost:8080/threadfix/rest
2014-05-21 10:13:03,210 [main] DEBUG com.denimgroup.threadfix.remote.HttpRestUtils (HttpRestUtils.java:219) - Returning http://localhost:8080/threadfix/rest/vulnerabilities
2014-05-21 10:13:03,833 [main] DEBUG com.denimgroup.threadfix.remote.response.ResponseParser (ResponseParser.java:61) - Parsing response for type com.denimgroup.threadfix.data.entities.Vulnerability[]
2014-05-21 10:13:03,883 [main] DEBUG com.denimgroup.threadfix.remote.response.ResponseParser (ResponseParser.java:79) - Parsed result into [Lcom.denimgroup.threadfix.data.entities.Vulnerability; correctly.
2014-05-21 10:13:03,884 [main] DEBUG com.denimgroup.threadfix.remote.response.ResponseParser (ResponseParser.java:88) - Setting response code to 200.
2014-05-21 10:13:03,884 [main] DEBUG com.denimgroup.threadfix.remote.HttpRestUtils (HttpRestUtils.java:213) - Building POST url with path /vulnerabilities and base url http://localhost:8080/threadfix/rest
2014-05-21 10:13:03,887 [main] DEBUG com.denimgroup.threadfix.remote.HttpRestUtils (HttpRestUtils.java:219) - Returning http://localhost:8080/threadfix/rest/vulnerabilities
2014-05-21 10:13:04,212 [main] DEBUG com.denimgroup.threadfix.remote.response.ResponseParser (ResponseParser.java:61) - Parsing response for type com.denimgroup.threadfix.data.entities.Vulnerability[]
2014-05-21 10:13:04,257 [main] DEBUG com.denimgroup.threadfix.remote.response.ResponseParser (ResponseParser.java:79) - Parsed result into [Lcom.denimgroup.threadfix.data.entities.Vulnerability; correctly.
2014-05-21 10:13:04,258 [main] DEBUG com.denimgroup.threadfix.remote.response.ResponseParser (ResponseParser.java:88) - Setting response code to 200.
2014-05-21 10:13:04,258 [main] DEBUG com.denimgroup.threadfix.remote.HttpRestUtils (HttpRestUtils.java:213) - Building POST url with path /vulnerabilities and base url http://localhost:8080/threadfix/rest
2014-05-21 10:13:04,259 [main] DEBUG com.denimgroup.threadfix.remote.HttpRestUtils (HttpRestUtils.java:219) - Returning http://localhost:8080/threadfix/rest/vulnerabilities
2014-05-21 10:13:04,629 [main] DEBUG com.denimgroup.threadfix.remote.response.ResponseParser (ResponseParser.java:61) - Parsing response for type com.denimgroup.threadfix.data.entities.Vulnerability[]
2014-05-21 10:13:04,662 [main] DEBUG com.denimgroup.threadfix.remote.response.ResponseParser (ResponseParser.java:79) - Parsed result into [Lcom.denimgroup.threadfix.data.entities.Vulnerability; correctly.
2014-05-21 10:13:04,662 [main] DEBUG com.denimgroup.threadfix.remote.response.ResponseParser (ResponseParser.java:88) - Setting response code to 200.
2014-05-21 10:13:04,663 [main] DEBUG com.denimgroup.threadfix.remote.HttpRestUtils (HttpRestUtils.java:213) - Building POST url with path /vulnerabilities and base url http://localhost:8080/threadfix/rest
2014-05-21 10:13:04,663 [main] DEBUG com.denimgroup.threadfix.remote.HttpRestUtils (HttpRestUtils.java:219) - Returning http://localhost:8080/threadfix/rest/vulnerabilities
2014-05-21 10:13:05,027 [main] DEBUG com.denimgroup.threadfix.remote.response.ResponseParser (ResponseParser.java:61) - Parsing response for type com.denimgroup.threadfix.data.entities.Vulnerability[]
2014-05-21 10:13:05,056 [main] DEBUG com.denimgroup.threadfix.remote.response.ResponseParser (ResponseParser.java:79) - Parsed result into [Lcom.denimgroup.threadfix.data.entities.Vulnerability; correctly.
2014-05-21 10:13:05,056 [main] DEBUG com.denimgroup.threadfix.remote.response.ResponseParser (ResponseParser.java:88) - Setting response code to 200.
2014-05-21 10:14:49,451 [main] DEBUG com.denimgroup.threadfix.remote.HttpRestUtils (HttpRestUtils.java:213) - Building POST url with path /vulnerabilities and base url http://localhost:8080/threadfix/rest
2014-05-21 10:14:49,458 [main] DEBUG com.denimgroup.threadfix.remote.HttpRestUtils (HttpRestUtils.java:219) - Returning http://localhost:8080/threadfix/rest/vulnerabilities
2014-05-21 10:14:49,981 [main] DEBUG com.denimgroup.threadfix.remote.response.ResponseParser (ResponseParser.java:61) - Parsing response for type com.denimgroup.threadfix.data.entities.Vulnerability[]
2014-05-21 10:14:50,319 [main] DEBUG com.denimgroup.threadfix.remote.response.ResponseParser (ResponseParser.java:79) - Parsed result into [Lcom.denimgroup.threadfix.data.entities.Vulnerability; correctly.
2014-05-21 10:14:50,319 [main] DEBUG com.denimgroup.threadfix.remote.response.ResponseParser (ResponseParser.java:88) - Setting response code to 200.
2014-05-21 10:14:50,321 [main] DEBUG com.denimgroup.threadfix.remote.HttpRestUtils (HttpRestUtils.java:213) - Building POST url with path /vulnerabilities and base url http://localhost:8080/threadfix/rest
2014-05-21 10:14:50,321 [main] DEBUG com.denimgroup.threadfix.remote.HttpRestUtils (HttpRestUtils.java:219) - Returning http://localhost:8080/threadfix/rest/vulnerabilities
2014-05-21 10:14:50,836 [main] DEBUG com.denimgroup.threadfix.remote.response.ResponseParser (ResponseParser.java:61) - Parsing response for type com.denimgroup.threadfix.data.entities.Vulnerability[]
2014-05-21 10:14:50,918 [main] DEBUG com.denimgroup.threadfix.remote.response.ResponseParser (ResponseParser.java:79) - Parsed result into [Lcom.denimgroup.threadfix.data.entities.Vulnerability; correctly.
2014-05-21 10:14:50,919 [main] DEBUG com.denimgroup.threadfix.remote.response.ResponseParser (ResponseParser.java:88) - Setting response code to 200.
2014-05-21 11:10:44,504 [main] DEBUG com.denimgroup.threadfix.remote.HttpRestUtils (HttpRestUtils.java:213) - Building POST url with path /vulnerabilities and base url http://localhost:8080/threadfix/rest
2014-05-21 11:10:44,508 [main] DEBUG com.denimgroup.threadfix.remote.HttpRestUtils (HttpRestUtils.java:219) - Returning http://localhost:8080/threadfix/rest/vulnerabilities
2014-05-21 11:10:44,954 [main] DEBUG com.denimgroup.threadfix.remote.response.ResponseParser (ResponseParser.java:61) - Parsing response for type com.denimgroup.threadfix.data.entities.Vulnerability[]
2014-05-21 11:10:45,245 [main] DEBUG com.denimgroup.threadfix.remote.response.ResponseParser (ResponseParser.java:79) - Parsed result into [Lcom.denimgroup.threadfix.data.entities.Vulnerability; correctly.
2014-05-21 11:10:45,246 [main] DEBUG com.denimgroup.threadfix.remote.response.ResponseParser (ResponseParser.java:88) - Setting response code to 200.
2014-05-21 11:10:45,247 [main] DEBUG com.denimgroup.threadfix.remote.HttpRestUtils (HttpRestUtils.java:213) - Building POST url with path /vulnerabilities and base url http://localhost:8080/threadfix/rest
2014-05-21 11:10:45,248 [main] DEBUG com.denimgroup.threadfix.remote.HttpRestUtils (HttpRestUtils.java:219) - Returning http://localhost:8080/threadfix/rest/vulnerabilities
2014-05-21 11:10:47,581 [main] DEBUG com.denimgroup.threadfix.remote.response.ResponseParser (ResponseParser.java:61) - Parsing response for type com.denimgroup.threadfix.data.entities.Vulnerability[]
2014-05-21 11:10:47,629 [main] DEBUG com.denimgroup.threadfix.remote.response.ResponseParser (ResponseParser.java:79) - Parsed result into [Lcom.denimgroup.threadfix.data.entities.Vulnerability; correctly.
2014-05-21 11:10:47,629 [main] DEBUG com.denimgroup.threadfix.remote.response.ResponseParser (ResponseParser.java:88) - Setting response code to 200.
2014-05-21 11:10:47,635 [main] DEBUG com.denimgroup.threadfix.remote.HttpRestUtils (HttpRestUtils.java:213) - Building POST url with path /vulnerabilities and base url http://localhost:8080/threadfix/rest
2014-05-21 11:10:47,635 [main] DEBUG com.denimgroup.threadfix.remote.HttpRestUtils (HttpRestUtils.java:219) - Returning http://localhost:8080/threadfix/rest/vulnerabilities
2014-05-21 11:10:48,148 [main] DEBUG com.denimgroup.threadfix.remote.response.ResponseParser (ResponseParser.java:61) - Parsing response for type com.denimgroup.threadfix.data.entities.Vulnerability[]
2014-05-21 11:10:48,194 [main] DEBUG com.denimgroup.threadfix.remote.response.ResponseParser (ResponseParser.java:79) - Parsed result into [Lcom.denimgroup.threadfix.data.entities.Vulnerability; correctly.
2014-05-21 11:10:48,195 [main] DEBUG com.denimgroup.threadfix.remote.response.ResponseParser (ResponseParser.java:88) - Setting response code to 200.
2014-05-21 11:10:48,197 [main] DEBUG com.denimgroup.threadfix.remote.HttpRestUtils (HttpRestUtils.java:213) - Building POST url with path /vulnerabilities and base url http://localhost:8080/threadfix/rest
2014-05-21 11:10:48,200 [main] DEBUG com.denimgroup.threadfix.remote.HttpRestUtils (HttpRestUtils.java:219) - Returning http://localhost:8080/threadfix/rest/vulnerabilities
2014-05-21 11:10:48,754 [main] DEBUG com.denimgroup.threadfix.remote.response.ResponseParser (ResponseParser.java:61) - Parsing response for type com.denimgroup.threadfix.data.entities.Vulnerability[]
2014-05-21 11:10:48,796 [main] DEBUG com.denimgroup.threadfix.remote.response.ResponseParser (ResponseParser.java:79) - Parsed result into [Lcom.denimgroup.threadfix.data.entities.Vulnerability; correctly.
2014-05-21 11:10:48,796 [main] DEBUG com.denimgroup.threadfix.remote.response.ResponseParser (ResponseParser.java:88) - Setting response code to 200.
2014-05-21 11:10:48,798 [main] DEBUG com.denimgroup.threadfix.remote.HttpRestUtils (HttpRestUtils.java:213) - Building POST url with path /vulnerabilities and base url http://localhost:8080/threadfix/rest
2014-05-21 11:10:48,798 [main] DEBUG com.denimgroup.threadfix.remote.HttpRestUtils (HttpRestUtils.java:219) - Returning http://localhost:8080/threadfix/rest/vulnerabilities
2014-05-21 11:10:49,091 [main] DEBUG com.denimgroup.threadfix.remote.response.ResponseParser (ResponseParser.java:61) - Parsing response for type com.denimgroup.threadfix.data.entities.Vulnerability[]
2014-05-21 11:10:49,133 [main] DEBUG com.denimgroup.threadfix.remote.response.ResponseParser (ResponseParser.java:79) - Parsed result into [Lcom.denimgroup.threadfix.data.entities.Vulnerability; correctly.
2014-05-21 11:10:49,133 [main] DEBUG com.denimgroup.threadfix.remote.response.ResponseParser (ResponseParser.java:88) - Setting response code to 200.
2014-05-21 11:10:49,133 [main] DEBUG com.denimgroup.threadfix.remote.HttpRestUtils (HttpRestUtils.java:213) - Building POST url with path /vulnerabilities and base url http://localhost:8080/threadfix/rest
2014-05-21 11:10:49,134 [main] DEBUG com.denimgroup.threadfix.remote.HttpRestUtils (HttpRestUtils.java:219) - Returning http://localhost:8080/threadfix/rest/vulnerabilities
2014-05-21 11:10:49,672 [main] DEBUG com.denimgroup.threadfix.remote.response.ResponseParser (ResponseParser.java:61) - Parsing response for type com.denimgroup.threadfix.data.entities.Vulnerability[]
2014-05-21 11:10:49,707 [main] DEBUG com.denimgroup.threadfix.remote.response.ResponseParser (ResponseParser.java:79) - Parsed result into [Lcom.denimgroup.threadfix.data.entities.Vulnerability; correctly.
2014-05-21 11:10:49,708 [main] DEBUG com.denimgroup.threadfix.remote.response.ResponseParser (ResponseParser.java:88) - Setting response code to 200.
2014-05-21 11:10:49,708 [main] DEBUG com.denimgroup.threadfix.remote.HttpRestUtils (HttpRestUtils.java:213) - Building POST url with path /vulnerabilities and base url http://localhost:8080/threadfix/rest
2014-05-21 11:10:49,709 [main] DEBUG com.denimgroup.threadfix.remote.HttpRestUtils (HttpRestUtils.java:219) - Returning http://localhost:8080/threadfix/rest/vulnerabilities
2014-05-21 11:10:50,029 [main] DEBUG com.denimgroup.threadfix.remote.response.ResponseParser (ResponseParser.java:61) - Parsing response for type com.denimgroup.threadfix.data.entities.Vulnerability[]
2014-05-21 11:10:50,066 [main] DEBUG com.denimgroup.threadfix.remote.response.ResponseParser (ResponseParser.java:79) - Parsed result into [Lcom.denimgroup.threadfix.data.entities.Vulnerability; correctly.
2014-05-21 11:10:50,066 [main] DEBUG com.denimgroup.threadfix.remote.response.ResponseParser (ResponseParser.java:88) - Setting response code to 200.
2014-05-21 11:10:50,067 [main] DEBUG com.denimgroup.threadfix.remote.HttpRestUtils (HttpRestUtils.java:213) - Building POST url with path /vulnerabilities and base url http://localhost:8080/threadfix/rest
2014-05-21 11:10:50,067 [main] DEBUG com.denimgroup.threadfix.remote.HttpRestUtils (HttpRestUtils.java:219) - Returning http://localhost:8080/threadfix/rest/vulnerabilities
2014-05-21 11:10:50,373 [main] DEBUG com.denimgroup.threadfix.remote.response.ResponseParser (ResponseParser.java:61) - Parsing response for type com.denimgroup.threadfix.data.entities.Vulnerability[]
2014-05-21 11:10:50,402 [main] DEBUG com.denimgroup.threadfix.remote.response.ResponseParser (ResponseParser.java:79) - Parsed result into [Lcom.denimgroup.threadfix.data.entities.Vulnerability; correctly.
2014-05-21 11:10:50,402 [main] DEBUG com.denimgroup.threadfix.remote.response.ResponseParser (ResponseParser.java:88) - Setting response code to 200.
2014-05-21 11:10:50,402 [main] DEBUG com.denimgroup.threadfix.remote.HttpRestUtils (HttpRestUtils.java:213) - Building POST url with path /vulnerabilities and base url http://localhost:8080/threadfix/rest
2014-05-21 11:10:50,402 [main] DEBUG com.denimgroup.threadfix.remote.HttpRestUtils (HttpRestUtils.java:219) - Returning http://localhost:8080/threadfix/rest/vulnerabilities
2014-05-21 11:10:50,697 [main] DEBUG com.denimgroup.threadfix.remote.response.ResponseParser (ResponseParser.java:61) - Parsing response for type com.denimgroup.threadfix.data.entities.Vulnerability[]
2014-05-21 11:10:50,733 [main] DEBUG com.denimgroup.threadfix.remote.response.ResponseParser (ResponseParser.java:79) - Parsed result into [Lcom.denimgroup.threadfix.data.entities.Vulnerability; correctly.
2014-05-21 11:10:50,733 [main] DEBUG com.denimgroup.threadfix.remote.response.ResponseParser (ResponseParser.java:88) - Setting response code to 200.
2014-05-21 13:32:52,050 [main] DEBUG com.denimgroup.threadfix.remote.HttpRestUtils (HttpRestUtils.java:213) - Building POST url with path /vulnerabilities and base url http://localhost:8080/threadfix/rest
2014-05-21 13:32:52,073 [main] DEBUG com.denimgroup.threadfix.remote.HttpRestUtils (HttpRestUtils.java:219) - Returning http://localhost:8080/threadfix/rest/vulnerabilities
2014-05-21 13:32:52,593 [main] DEBUG com.denimgroup.threadfix.remote.response.ResponseParser (ResponseParser.java:61) - Parsing response for type com.denimgroup.threadfix.VulnerabilityInfo[]
2014-05-21 13:32:53,148 [main] DEBUG com.denimgroup.threadfix.remote.response.ResponseParser (ResponseParser.java:79) - Parsed result into [Lcom.denimgroup.threadfix.VulnerabilityInfo; correctly.
2014-05-21 13:32:53,149 [main] DEBUG com.denimgroup.threadfix.remote.response.ResponseParser (ResponseParser.java:88) - Setting response code to 200.
2014-05-21 13:32:53,153 [main] DEBUG com.denimgroup.threadfix.remote.HttpRestUtils (HttpRestUtils.java:213) - Building POST url with path /vulnerabilities and base url http://localhost:8080/threadfix/rest
2014-05-21 13:32:53,154 [main] DEBUG com.denimgroup.threadfix.remote.HttpRestUtils (HttpRestUtils.java:219) - Returning http://localhost:8080/threadfix/rest/vulnerabilities
2014-05-21 13:32:53,638 [main] DEBUG com.denimgroup.threadfix.remote.response.ResponseParser (ResponseParser.java:61) - Parsing response for type com.denimgroup.threadfix.VulnerabilityInfo[]
2014-05-21 13:32:53,690 [main] DEBUG com.denimgroup.threadfix.remote.response.ResponseParser (ResponseParser.java:79) - Parsed result into [Lcom.denimgroup.threadfix.VulnerabilityInfo; correctly.
2014-05-21 13:32:53,691 [main] DEBUG com.denimgroup.threadfix.remote.response.ResponseParser (ResponseParser.java:88) - Setting response code to 200.
2014-05-21 13:32:53,696 [main] DEBUG com.denimgroup.threadfix.remote.HttpRestUtils (HttpRestUtils.java:213) - Building POST url with path /vulnerabilities and base url http://localhost:8080/threadfix/rest
2014-05-21 13:32:53,696 [main] DEBUG com.denimgroup.threadfix.remote.HttpRestUtils (HttpRestUtils.java:219) - Returning http://localhost:8080/threadfix/rest/vulnerabilities
2014-05-21 13:32:54,194 [main] DEBUG com.denimgroup.threadfix.remote.response.ResponseParser (ResponseParser.java:61) - Parsing response for type com.denimgroup.threadfix.VulnerabilityInfo[]
2014-05-21 13:32:54,238 [main] DEBUG com.denimgroup.threadfix.remote.response.ResponseParser (ResponseParser.java:79) - Parsed result into [Lcom.denimgroup.threadfix.VulnerabilityInfo; correctly.
2014-05-21 13:32:54,238 [main] DEBUG com.denimgroup.threadfix.remote.response.ResponseParser (ResponseParser.java:88) - Setting response code to 200.
2014-05-21 13:32:54,239 [main] DEBUG com.denimgroup.threadfix.remote.HttpRestUtils (HttpRestUtils.java:213) - Building POST url with path /vulnerabilities and base url http://localhost:8080/threadfix/rest
2014-05-21 13:32:54,241 [main] DEBUG com.denimgroup.threadfix.remote.HttpRestUtils (HttpRestUtils.java:219) - Returning http://localhost:8080/threadfix/rest/vulnerabilities
2014-05-21 13:32:54,783 [main] DEBUG com.denimgroup.threadfix.remote.response.ResponseParser (ResponseParser.java:61) - Parsing response for type com.denimgroup.threadfix.VulnerabilityInfo[]
2014-05-21 13:32:54,824 [main] DEBUG com.denimgroup.threadfix.remote.response.ResponseParser (ResponseParser.java:79) - Parsed result into [Lcom.denimgroup.threadfix.VulnerabilityInfo; correctly.
2014-05-21 13:32:54,825 [main] DEBUG com.denimgroup.threadfix.remote.response.ResponseParser (ResponseParser.java:88) - Setting response code to 200.
2014-05-21 13:32:54,862 [main] DEBUG com.denimgroup.threadfix.remote.HttpRestUtils (HttpRestUtils.java:213) - Building POST url with path /vulnerabilities and base url http://localhost:8080/threadfix/rest
2014-05-21 13:32:54,863 [main] DEBUG com.denimgroup.threadfix.remote.HttpRestUtils (HttpRestUtils.java:219) - Returning http://localhost:8080/threadfix/rest/vulnerabilities
2014-05-21 13:32:55,199 [main] DEBUG com.denimgroup.threadfix.remote.response.ResponseParser (ResponseParser.java:61) - Parsing response for type com.denimgroup.threadfix.VulnerabilityInfo[]
2014-05-21 13:32:55,236 [main] DEBUG com.denimgroup.threadfix.remote.response.ResponseParser (ResponseParser.java:79) - Parsed result into [Lcom.denimgroup.threadfix.VulnerabilityInfo; correctly.
2014-05-21 13:32:55,237 [main] DEBUG com.denimgroup.threadfix.remote.response.ResponseParser (ResponseParser.java:88) - Setting response code to 200.
2014-05-21 13:32:55,237 [main] DEBUG com.denimgroup.threadfix.remote.HttpRestUtils (HttpRestUtils.java:213) - Building POST url with path /vulnerabilities and base url http://localhost:8080/threadfix/rest
2014-05-21 13:32:55,238 [main] DEBUG com.denimgroup.threadfix.remote.HttpRestUtils (HttpRestUtils.java:219) - Returning http://localhost:8080/threadfix/rest/vulnerabilities
2014-05-21 13:32:55,724 [main] DEBUG com.denimgroup.threadfix.remote.response.ResponseParser (ResponseParser.java:61) - Parsing response for type com.denimgroup.threadfix.VulnerabilityInfo[]
2014-05-21 13:32:55,754 [main] DEBUG com.denimgroup.threadfix.remote.response.ResponseParser (ResponseParser.java:79) - Parsed result into [Lcom.denimgroup.threadfix.VulnerabilityInfo; correctly.
2014-05-21 13:32:55,755 [main] DEBUG com.denimgroup.threadfix.remote.response.ResponseParser (ResponseParser.java:88) - Setting response code to 200.
2014-05-21 13:32:55,755 [main] DEBUG com.denimgroup.threadfix.remote.HttpRestUtils (HttpRestUtils.java:213) - Building POST url with path /vulnerabilities and base url http://localhost:8080/threadfix/rest
2014-05-21 13:32:55,755 [main] DEBUG com.denimgroup.threadfix.remote.HttpRestUtils (HttpRestUtils.java:219) - Returning http://localhost:8080/threadfix/rest/vulnerabilities
2014-05-21 13:32:56,061 [main] DEBUG com.denimgroup.threadfix.remote.response.ResponseParser (ResponseParser.java:61) - Parsing response for type com.denimgroup.threadfix.VulnerabilityInfo[]
2014-05-21 13:32:56,087 [main] DEBUG com.denimgroup.threadfix.remote.response.ResponseParser (ResponseParser.java:79) - Parsed result into [Lcom.denimgroup.threadfix.VulnerabilityInfo; correctly.
2014-05-21 13:32:56,087 [main] DEBUG com.denimgroup.threadfix.remote.response.ResponseParser (ResponseParser.java:88) - Setting response code to 200.
2014-05-21 13:32:56,087 [main] DEBUG com.denimgroup.threadfix.remote.HttpRestUtils (HttpRestUtils.java:213) - Building POST url with path /vulnerabilities and base url http://localhost:8080/threadfix/rest
2014-05-21 13:32:56,088 [main] DEBUG com.denimgroup.threadfix.remote.HttpRestUtils (HttpRestUtils.java:219) - Returning http://localhost:8080/threadfix/rest/vulnerabilities
2014-05-21 13:32:56,366 [main] DEBUG com.denimgroup.threadfix.remote.response.ResponseParser (ResponseParser.java:61) - Parsing response for type com.denimgroup.threadfix.VulnerabilityInfo[]
2014-05-21 13:32:56,394 [main] DEBUG com.denimgroup.threadfix.remote.response.ResponseParser (ResponseParser.java:79) - Parsed result into [Lcom.denimgroup.threadfix.VulnerabilityInfo; correctly.
2014-05-21 13:32:56,394 [main] DEBUG com.denimgroup.threadfix.remote.response.ResponseParser (ResponseParser.java:88) - Setting response code to 200.
2014-05-21 13:32:56,394 [main] DEBUG com.denimgroup.threadfix.remote.HttpRestUtils (HttpRestUtils.java:213) - Building POST url with path /vulnerabilities and base url http://localhost:8080/threadfix/rest
2014-05-21 13:32:56,395 [main] DEBUG com.denimgroup.threadfix.remote.HttpRestUtils (HttpRestUtils.java:219) - Returning http://localhost:8080/threadfix/rest/vulnerabilities
2014-05-21 13:32:56,732 [main] DEBUG com.denimgroup.threadfix.remote.response.ResponseParser (ResponseParser.java:61) - Parsing response for type com.denimgroup.threadfix.VulnerabilityInfo[]
2014-05-21 13:32:56,767 [main] DEBUG com.denimgroup.threadfix.remote.response.ResponseParser (ResponseParser.java:79) - Parsed result into [Lcom.denimgroup.threadfix.VulnerabilityInfo; correctly.
2014-05-21 13:32:56,768 [main] DEBUG com.denimgroup.threadfix.remote.response.ResponseParser (ResponseParser.java:88) - Setting response code to 200.
2014-05-21 13:41:22,516 [main] DEBUG com.denimgroup.threadfix.remote.HttpRestUtils (HttpRestUtils.java:213) - Building POST url with path /vulnerabilities and base url http://localhost:8080/threadfix/rest
2014-05-21 13:41:22,531 [main] DEBUG com.denimgroup.threadfix.remote.HttpRestUtils (HttpRestUtils.java:219) - Returning http://localhost:8080/threadfix/rest/vulnerabilities
2014-05-21 13:41:23,047 [main] DEBUG com.denimgroup.threadfix.remote.response.ResponseParser (ResponseParser.java:61) - Parsing response for type com.denimgroup.threadfix.VulnerabilityInfo[]
2014-05-21 13:41:24,087 [main] DEBUG com.denimgroup.threadfix.remote.response.ResponseParser (ResponseParser.java:79) - Parsed result into [Lcom.denimgroup.threadfix.VulnerabilityInfo; correctly.
2014-05-21 13:41:24,088 [main] DEBUG com.denimgroup.threadfix.remote.response.ResponseParser (ResponseParser.java:88) - Setting response code to 200.
2014-05-21 13:41:24,090 [main] DEBUG com.denimgroup.threadfix.remote.HttpRestUtils (HttpRestUtils.java:213) - Building POST url with path /vulnerabilities and base url http://localhost:8080/threadfix/rest
2014-05-21 13:41:24,090 [main] DEBUG com.denimgroup.threadfix.remote.HttpRestUtils (HttpRestUtils.java:219) - Returning http://localhost:8080/threadfix/rest/vulnerabilities
2014-05-21 13:41:24,671 [main] DEBUG com.denimgroup.threadfix.remote.response.ResponseParser (ResponseParser.java:61) - Parsing response for type com.denimgroup.threadfix.VulnerabilityInfo[]
2014-05-21 13:41:24,739 [main] DEBUG com.denimgroup.threadfix.remote.response.ResponseParser (ResponseParser.java:79) - Parsed result into [Lcom.denimgroup.threadfix.VulnerabilityInfo; correctly.
2014-05-21 13:41:24,740 [main] DEBUG com.denimgroup.threadfix.remote.response.ResponseParser (ResponseParser.java:88) - Setting response code to 200.
2014-05-21 13:41:24,741 [main] DEBUG com.denimgroup.threadfix.remote.HttpRestUtils (HttpRestUtils.java:213) - Building POST url with path /vulnerabilities and base url http://localhost:8080/threadfix/rest
2014-05-21 13:41:24,742 [main] DEBUG com.denimgroup.threadfix.remote.HttpRestUtils (HttpRestUtils.java:219) - Returning http://localhost:8080/threadfix/rest/vulnerabilities
2014-05-21 13:41:25,340 [main] DEBUG com.denimgroup.threadfix.remote.response.ResponseParser (ResponseParser.java:61) - Parsing response for type com.denimgroup.threadfix.VulnerabilityInfo[]
2014-05-21 13:41:25,397 [main] DEBUG com.denimgroup.threadfix.remote.response.ResponseParser (ResponseParser.java:79) - Parsed result into [Lcom.denimgroup.threadfix.VulnerabilityInfo; correctly.
2014-05-21 13:41:25,397 [main] DEBUG com.denimgroup.threadfix.remote.response.ResponseParser (ResponseParser.java:88) - Setting response code to 200.
2014-05-21 13:41:25,398 [main] DEBUG com.denimgroup.threadfix.remote.HttpRestUtils (HttpRestUtils.java:213) - Building POST url with path /vulnerabilities and base url http://localhost:8080/threadfix/rest
2014-05-21 13:41:25,400 [main] DEBUG com.denimgroup.threadfix.remote.HttpRestUtils (HttpRestUtils.java:219) - Returning http://localhost:8080/threadfix/rest/vulnerabilities
2014-05-21 13:41:27,805 [main] DEBUG com.denimgroup.threadfix.remote.response.ResponseParser (ResponseParser.java:61) - Parsing response for type com.denimgroup.threadfix.VulnerabilityInfo[]
2014-05-21 13:41:27,854 [main] DEBUG com.denimgroup.threadfix.remote.response.ResponseParser (ResponseParser.java:79) - Parsed result into [Lcom.denimgroup.threadfix.VulnerabilityInfo; correctly.
2014-05-21 13:41:27,854 [main] DEBUG com.denimgroup.threadfix.remote.response.ResponseParser (ResponseParser.java:88) - Setting response code to 200.
2014-05-21 13:41:27,862 [main] DEBUG com.denimgroup.threadfix.remote.HttpRestUtils (HttpRestUtils.java:213) - Building POST url with path /vulnerabilities and base url http://localhost:8080/threadfix/rest
2014-05-21 13:41:27,862 [main] DEBUG com.denimgroup.threadfix.remote.HttpRestUtils (HttpRestUtils.java:219) - Returning http://localhost:8080/threadfix/rest/vulnerabilities
2014-05-21 13:41:28,211 [main] DEBUG com.denimgroup.threadfix.remote.response.ResponseParser (ResponseParser.java:61) - Parsing response for type com.denimgroup.threadfix.VulnerabilityInfo[]
2014-05-21 13:41:28,261 [main] DEBUG com.denimgroup.threadfix.remote.response.ResponseParser (ResponseParser.java:79) - Parsed result into [Lcom.denimgroup.threadfix.VulnerabilityInfo; correctly.
2014-05-21 13:41:28,261 [main] DEBUG com.denimgroup.threadfix.remote.response.ResponseParser (ResponseParser.java:88) - Setting response code to 200.
2014-05-21 13:41:28,262 [main] DEBUG com.denimgroup.threadfix.remote.HttpRestUtils (HttpRestUtils.java:213) - Building POST url with path /vulnerabilities and base url http://localhost:8080/threadfix/rest
2014-05-21 13:41:28,262 [main] DEBUG com.denimgroup.threadfix.remote.HttpRestUtils (HttpRestUtils.java:219) - Returning http://localhost:8080/threadfix/rest/vulnerabilities
2014-05-21 13:41:28,816 [main] DEBUG com.denimgroup.threadfix.remote.response.ResponseParser (ResponseParser.java:61) - Parsing response for type com.denimgroup.threadfix.VulnerabilityInfo[]
2014-05-21 13:41:28,857 [main] DEBUG com.denimgroup.threadfix.remote.response.ResponseParser (ResponseParser.java:79) - Parsed result into [Lcom.denimgroup.threadfix.VulnerabilityInfo; correctly.
2014-05-21 13:41:28,858 [main] DEBUG com.denimgroup.threadfix.remote.response.ResponseParser (ResponseParser.java:88) - Setting response code to 200.
2014-05-21 13:41:28,858 [main] DEBUG com.denimgroup.threadfix.remote.HttpRestUtils (HttpRestUtils.java:213) - Building POST url with path /vulnerabilities and base url http://localhost:8080/threadfix/rest
2014-05-21 13:41:28,859 [main] DEBUG com.denimgroup.threadfix.remote.HttpRestUtils (HttpRestUtils.java:219) - Returning http://localhost:8080/threadfix/rest/vulnerabilities
2014-05-21 13:41:29,177 [main] DEBUG com.denimgroup.threadfix.remote.response.ResponseParser (ResponseParser.java:61) - Parsing response for type com.denimgroup.threadfix.VulnerabilityInfo[]
2014-05-21 13:41:29,210 [main] DEBUG com.denimgroup.threadfix.remote.response.ResponseParser (ResponseParser.java:79) - Parsed result into [Lcom.denimgroup.threadfix.VulnerabilityInfo; correctly.
2014-05-21 13:41:29,210 [main] DEBUG com.denimgroup.threadfix.remote.response.ResponseParser (ResponseParser.java:88) - Setting response code to 200.
2014-05-21 13:41:29,211 [main] DEBUG com.denimgroup.threadfix.remote.HttpRestUtils (HttpRestUtils.java:213) - Building POST url with path /vulnerabilities and base url http://localhost:8080/threadfix/rest
2014-05-21 13:41:29,211 [main] DEBUG com.denimgroup.threadfix.remote.HttpRestUtils (HttpRestUtils.java:219) - Returning http://localhost:8080/threadfix/rest/vulnerabilities
2014-05-21 13:41:29,548 [main] DEBUG com.denimgroup.threadfix.remote.response.ResponseParser (ResponseParser.java:61) - Parsing response for type com.denimgroup.threadfix.VulnerabilityInfo[]
2014-05-21 13:41:29,578 [main] DEBUG com.denimgroup.threadfix.remote.response.ResponseParser (ResponseParser.java:79) - Parsed result into [Lcom.denimgroup.threadfix.VulnerabilityInfo; correctly.
2014-05-21 13:41:29,579 [main] DEBUG com.denimgroup.threadfix.remote.response.ResponseParser (ResponseParser.java:88) - Setting response code to 200.
2014-05-21 13:41:29,579 [main] DEBUG com.denimgroup.threadfix.remote.HttpRestUtils (HttpRestUtils.java:213) - Building POST url with path /vulnerabilities and base url http://localhost:8080/threadfix/rest
2014-05-21 13:41:29,579 [main] DEBUG com.denimgroup.threadfix.remote.HttpRestUtils (HttpRestUtils.java:219) - Returning http://localhost:8080/threadfix/rest/vulnerabilities
2014-05-21 13:41:29,942 [main] DEBUG com.denimgroup.threadfix.remote.response.ResponseParser (ResponseParser.java:61) - Parsing response for type com.denimgroup.threadfix.VulnerabilityInfo[]
2014-05-21 13:41:29,977 [main] DEBUG com.denimgroup.threadfix.remote.response.ResponseParser (ResponseParser.java:79) - Parsed result into [Lcom.denimgroup.threadfix.VulnerabilityInfo; correctly.
2014-05-21 13:41:29,978 [main] DEBUG com.denimgroup.threadfix.remote.response.ResponseParser (ResponseParser.java:88) - Setting response code to 200.
2014-05-21 13:58:33,384 [main] DEBUG com.denimgroup.threadfix.remote.HttpRestUtils (HttpRestUtils.java:213) - Building POST url with path /vulnerabilities and base url http://localhost:8080/threadfix/rest
2014-05-21 13:58:33,416 [main] DEBUG com.denimgroup.threadfix.remote.HttpRestUtils (HttpRestUtils.java:219) - Returning http://localhost:8080/threadfix/rest/vulnerabilities
2014-05-21 13:58:41,641 [main] DEBUG com.denimgroup.threadfix.remote.response.ResponseParser (ResponseParser.java:61) - Parsing response for type com.denimgroup.threadfix.VulnerabilityInfo[]
2014-05-21 13:58:43,329 [main] DEBUG com.denimgroup.threadfix.remote.response.ResponseParser (ResponseParser.java:79) - Parsed result into [Lcom.denimgroup.threadfix.VulnerabilityInfo; correctly.
2014-05-21 13:58:43,329 [main] DEBUG com.denimgroup.threadfix.remote.response.ResponseParser (ResponseParser.java:88) - Setting response code to 200.
2014-05-21 13:58:43,331 [main] DEBUG com.denimgroup.threadfix.remote.HttpRestUtils (HttpRestUtils.java:213) - Building POST url with path /vulnerabilities and base url http://localhost:8080/threadfix/rest
2014-05-21 13:58:43,331 [main] DEBUG com.denimgroup.threadfix.remote.HttpRestUtils (HttpRestUtils.java:219) - Returning http://localhost:8080/threadfix/rest/vulnerabilities
2014-05-21 13:58:43,919 [main] DEBUG com.denimgroup.threadfix.remote.response.ResponseParser (ResponseParser.java:61) - Parsing response for type com.denimgroup.threadfix.VulnerabilityInfo[]
2014-05-21 13:58:43,970 [main] DEBUG com.denimgroup.threadfix.remote.response.ResponseParser (ResponseParser.java:79) - Parsed result into [Lcom.denimgroup.threadfix.VulnerabilityInfo; correctly.
2014-05-21 13:58:43,971 [main] DEBUG com.denimgroup.threadfix.remote.response.ResponseParser (ResponseParser.java:88) - Setting response code to 200.
2014-05-21 13:58:43,987 [main] DEBUG com.denimgroup.threadfix.remote.HttpRestUtils (HttpRestUtils.java:213) - Building POST url with path /vulnerabilities and base url http://localhost:8080/threadfix/rest
2014-05-21 13:58:43,987 [main] DEBUG com.denimgroup.threadfix.remote.HttpRestUtils (HttpRestUtils.java:219) - Returning http://localhost:8080/threadfix/rest/vulnerabilities
2014-05-21 13:58:44,538 [main] DEBUG com.denimgroup.threadfix.remote.response.ResponseParser (ResponseParser.java:61) - Parsing response for type com.denimgroup.threadfix.VulnerabilityInfo[]
2014-05-21 13:58:44,587 [main] DEBUG com.denimgroup.threadfix.remote.response.ResponseParser (ResponseParser.java:79) - Parsed result into [Lcom.denimgroup.threadfix.VulnerabilityInfo; correctly.
2014-05-21 13:58:44,588 [main] DEBUG com.denimgroup.threadfix.remote.response.ResponseParser (ResponseParser.java:88) - Setting response code to 200.
2014-05-21 13:58:44,590 [main] DEBUG com.denimgroup.threadfix.remote.HttpRestUtils (HttpRestUtils.java:213) - Building POST url with path /vulnerabilities and base url http://localhost:8080/threadfix/rest
2014-05-21 13:58:44,593 [main] DEBUG com.denimgroup.threadfix.remote.HttpRestUtils (HttpRestUtils.java:219) - Returning http://localhost:8080/threadfix/rest/vulnerabilities
2014-05-21 13:58:45,363 [main] DEBUG com.denimgroup.threadfix.remote.response.ResponseParser (ResponseParser.java:61) - Parsing response for type com.denimgroup.threadfix.VulnerabilityInfo[]
2014-05-21 13:58:45,430 [main] DEBUG com.denimgroup.threadfix.remote.response.ResponseParser (ResponseParser.java:79) - Parsed result into [Lcom.denimgroup.threadfix.VulnerabilityInfo; correctly.
2014-05-21 13:58:45,430 [main] DEBUG com.denimgroup.threadfix.remote.response.ResponseParser (ResponseParser.java:88) - Setting response code to 200.
2014-05-21 13:58:45,432 [main] DEBUG com.denimgroup.threadfix.remote.HttpRestUtils (HttpRestUtils.java:213) - Building POST url with path /vulnerabilities and base url http://localhost:8080/threadfix/rest
2014-05-21 13:58:45,432 [main] DEBUG com.denimgroup.threadfix.remote.HttpRestUtils (HttpRestUtils.java:219) - Returning http://localhost:8080/threadfix/rest/vulnerabilities
2014-05-21 13:58:45,787 [main] DEBUG com.denimgroup.threadfix.remote.response.ResponseParser (ResponseParser.java:61) - Parsing response for type com.denimgroup.threadfix.VulnerabilityInfo[]
2014-05-21 13:58:45,841 [main] DEBUG com.denimgroup.threadfix.remote.response.ResponseParser (ResponseParser.java:79) - Parsed result into [Lcom.denimgroup.threadfix.VulnerabilityInfo; correctly.
2014-05-21 13:58:45,842 [main] DEBUG com.denimgroup.threadfix.remote.response.ResponseParser (ResponseParser.java:88) - Setting response code to 200.
2014-05-21 13:58:45,842 [main] DEBUG com.denimgroup.threadfix.remote.HttpRestUtils (HttpRestUtils.java:213) - Building POST url with path /vulnerabilities and base url http://localhost:8080/threadfix/rest
2014-05-21 13:58:45,843 [main] DEBUG com.denimgroup.threadfix.remote.HttpRestUtils (HttpRestUtils.java:219) - Returning http://localhost:8080/threadfix/rest/vulnerabilities
2014-05-21 13:58:46,441 [main] DEBUG com.denimgroup.threadfix.remote.response.ResponseParser (ResponseParser.java:61) - Parsing response for type com.denimgroup.threadfix.VulnerabilityInfo[]
2014-05-21 13:58:46,480 [main] DEBUG com.denimgroup.threadfix.remote.response.ResponseParser (ResponseParser.java:79) - Parsed result into [Lcom.denimgroup.threadfix.VulnerabilityInfo; correctly.
2014-05-21 13:58:46,480 [main] DEBUG com.denimgroup.threadfix.remote.response.ResponseParser (ResponseParser.java:88) - Setting response code to 200.
2014-05-21 13:58:46,481 [main] DEBUG com.denimgroup.threadfix.remote.HttpRestUtils (HttpRestUtils.java:213) - Building POST url with path /vulnerabilities and base url http://localhost:8080/threadfix/rest
2014-05-21 13:58:46,481 [main] DEBUG com.denimgroup.threadfix.remote.HttpRestUtils (HttpRestUtils.java:219) - Returning http://localhost:8080/threadfix/rest/vulnerabilities
2014-05-21 13:58:46,810 [main] DEBUG com.denimgroup.threadfix.remote.response.ResponseParser (ResponseParser.java:61) - Parsing response for type com.denimgroup.threadfix.VulnerabilityInfo[]
2014-05-21 13:58:46,843 [main] DEBUG com.denimgroup.threadfix.remote.response.ResponseParser (ResponseParser.java:79) - Parsed result into [Lcom.denimgroup.threadfix.VulnerabilityInfo; correctly.
2014-05-21 13:58:46,843 [main] DEBUG com.denimgroup.threadfix.remote.response.ResponseParser (ResponseParser.java:88) - Setting response code to 200.
2014-05-21 13:58:46,844 [main] DEBUG com.denimgroup.threadfix.remote.HttpRestUtils (HttpRestUtils.java:213) - Building POST url with path /vulnerabilities and base url http://localhost:8080/threadfix/rest
2014-05-21 13:58:46,844 [main] DEBUG com.denimgroup.threadfix.remote.HttpRestUtils (HttpRestUtils.java:219) - Returning http://localhost:8080/threadfix/rest/vulnerabilities
2014-05-21 13:58:47,149 [main] DEBUG com.denimgroup.threadfix.remote.response.ResponseParser (ResponseParser.java:61) - Parsing response for type com.denimgroup.threadfix.VulnerabilityInfo[]
2014-05-21 13:58:47,183 [main] DEBUG com.denimgroup.threadfix.remote.response.ResponseParser (ResponseParser.java:79) - Parsed result into [Lcom.denimgroup.threadfix.VulnerabilityInfo; correctly.
2014-05-21 13:58:47,183 [main] DEBUG com.denimgroup.threadfix.remote.response.ResponseParser (ResponseParser.java:88) - Setting response code to 200.
2014-05-21 13:58:47,184 [main] DEBUG com.denimgroup.threadfix.remote.HttpRestUtils (HttpRestUtils.java:213) - Building POST url with path /vulnerabilities and base url http://localhost:8080/threadfix/rest
2014-05-21 13:58:47,184 [main] DEBUG com.denimgroup.threadfix.remote.HttpRestUtils (HttpRestUtils.java:219) - Returning http://localhost:8080/threadfix/rest/vulnerabilities
2014-05-21 13:58:47,508 [main] DEBUG com.denimgroup.threadfix.remote.response.ResponseParser (ResponseParser.java:61) - Parsing response for type com.denimgroup.threadfix.VulnerabilityInfo[]
2014-05-21 13:58:47,542 [main] DEBUG com.denimgroup.threadfix.remote.response.ResponseParser (ResponseParser.java:79) - Parsed result into [Lcom.denimgroup.threadfix.VulnerabilityInfo; correctly.
2014-05-21 13:58:47,543 [main] DEBUG com.denimgroup.threadfix.remote.response.ResponseParser (ResponseParser.java:88) - Setting response code to 200.
2014-05-21 13:59:32,095 [main] DEBUG com.denimgroup.threadfix.remote.HttpRestUtils (HttpRestUtils.java:213) - Building POST url with path /vulnerabilities and base url http://localhost:8080/threadfix/rest
2014-05-21 13:59:32,107 [main] DEBUG com.denimgroup.threadfix.remote.HttpRestUtils (HttpRestUtils.java:219) - Returning http://localhost:8080/threadfix/rest/vulnerabilities
2014-05-21 13:59:32,589 [main] DEBUG com.denimgroup.threadfix.remote.response.ResponseParser (ResponseParser.java:61) - Parsing response for type com.denimgroup.threadfix.VulnerabilityInfo[]
2014-05-21 13:59:33,056 [main] DEBUG com.denimgroup.threadfix.remote.response.ResponseParser (ResponseParser.java:79) - Parsed result into [Lcom.denimgroup.threadfix.VulnerabilityInfo; correctly.
2014-05-21 13:59:33,057 [main] DEBUG com.denimgroup.threadfix.remote.response.ResponseParser (ResponseParser.java:88) - Setting response code to 200.
2014-05-21 13:59:33,058 [main] DEBUG com.denimgroup.threadfix.remote.HttpRestUtils (HttpRestUtils.java:213) - Building POST url with path /vulnerabilities and base url http://localhost:8080/threadfix/rest
2014-05-21 13:59:33,058 [main] DEBUG com.denimgroup.threadfix.remote.HttpRestUtils (HttpRestUtils.java:219) - Returning http://localhost:8080/threadfix/rest/vulnerabilities
2014-05-21 13:59:33,555 [main] DEBUG com.denimgroup.threadfix.remote.response.ResponseParser (ResponseParser.java:61) - Parsing response for type com.denimgroup.threadfix.VulnerabilityInfo[]
2014-05-21 13:59:33,605 [main] DEBUG com.denimgroup.threadfix.remote.response.ResponseParser (ResponseParser.java:79) - Parsed result into [Lcom.denimgroup.threadfix.VulnerabilityInfo; correctly.
2014-05-21 13:59:33,605 [main] DEBUG com.denimgroup.threadfix.remote.response.ResponseParser (ResponseParser.java:88) - Setting response code to 200.
2014-05-21 13:59:33,609 [main] DEBUG com.denimgroup.threadfix.remote.HttpRestUtils (HttpRestUtils.java:213) - Building POST url with path /vulnerabilities and base url http://localhost:8080/threadfix/rest
2014-05-21 13:59:33,610 [main] DEBUG com.denimgroup.threadfix.remote.HttpRestUtils (HttpRestUtils.java:219) - Returning http://localhost:8080/threadfix/rest/vulnerabilities
2014-05-21 13:59:34,103 [main] DEBUG com.denimgroup.threadfix.remote.response.ResponseParser (ResponseParser.java:61) - Parsing response for type com.denimgroup.threadfix.VulnerabilityInfo[]
2014-05-21 13:59:34,150 [main] DEBUG com.denimgroup.threadfix.remote.response.ResponseParser (ResponseParser.java:79) - Parsed result into [Lcom.denimgroup.threadfix.VulnerabilityInfo; correctly.
2014-05-21 13:59:34,150 [main] DEBUG com.denimgroup.threadfix.remote.response.ResponseParser (ResponseParser.java:88) - Setting response code to 200.
2014-05-21 13:59:34,153 [main] DEBUG com.denimgroup.threadfix.remote.HttpRestUtils (HttpRestUtils.java:213) - Building POST url with path /vulnerabilities and base url http://localhost:8080/threadfix/rest
2014-05-21 13:59:34,155 [main] DEBUG com.denimgroup.threadfix.remote.HttpRestUtils (HttpRestUtils.java:219) - Returning http://localhost:8080/threadfix/rest/vulnerabilities
2014-05-21 13:59:34,565 [main] DEBUG com.denimgroup.threadfix.remote.response.ResponseParser (ResponseParser.java:61) - Parsing response for type com.denimgroup.threadfix.VulnerabilityInfo[]
2014-05-21 13:59:34,618 [main] DEBUG com.denimgroup.threadfix.remote.response.ResponseParser (ResponseParser.java:79) - Parsed result into [Lcom.denimgroup.threadfix.VulnerabilityInfo; correctly.
2014-05-21 13:59:34,618 [main] DEBUG com.denimgroup.threadfix.remote.response.ResponseParser (ResponseParser.java:88) - Setting response code to 200.
2014-05-21 13:59:34,620 [main] DEBUG com.denimgroup.threadfix.remote.HttpRestUtils (HttpRestUtils.java:213) - Building POST url with path /vulnerabilities and base url http://localhost:8080/threadfix/rest
2014-05-21 13:59:34,621 [main] DEBUG com.denimgroup.threadfix.remote.HttpRestUtils (HttpRestUtils.java:219) - Returning http://localhost:8080/threadfix/rest/vulnerabilities
2014-05-21 13:59:34,925 [main] DEBUG com.denimgroup.threadfix.remote.response.ResponseParser (ResponseParser.java:61) - Parsing response for type com.denimgroup.threadfix.VulnerabilityInfo[]
2014-05-21 13:59:34,954 [main] DEBUG com.denimgroup.threadfix.remote.response.ResponseParser (ResponseParser.java:79) - Parsed result into [Lcom.denimgroup.threadfix.VulnerabilityInfo; correctly.
2014-05-21 13:59:34,954 [main] DEBUG com.denimgroup.threadfix.remote.response.ResponseParser (ResponseParser.java:88) - Setting response code to 200.
2014-05-21 13:59:34,954 [main] DEBUG com.denimgroup.threadfix.remote.HttpRestUtils (HttpRestUtils.java:213) - Building POST url with path /vulnerabilities and base url http://localhost:8080/threadfix/rest
2014-05-21 13:59:34,955 [main] DEBUG com.denimgroup.threadfix.remote.HttpRestUtils (HttpRestUtils.java:219) - Returning http://localhost:8080/threadfix/rest/vulnerabilities
2014-05-21 13:59:35,425 [main] DEBUG com.denimgroup.threadfix.remote.response.ResponseParser (ResponseParser.java:61) - Parsing response for type com.denimgroup.threadfix.VulnerabilityInfo[]
2014-05-21 13:59:35,465 [main] DEBUG com.denimgroup.threadfix.remote.response.ResponseParser (ResponseParser.java:79) - Parsed result into [Lcom.denimgroup.threadfix.VulnerabilityInfo; correctly.
2014-05-21 13:59:35,465 [main] DEBUG com.denimgroup.threadfix.remote.response.ResponseParser (ResponseParser.java:88) - Setting response code to 200.
2014-05-21 13:59:35,466 [main] DEBUG com.denimgroup.threadfix.remote.HttpRestUtils (HttpRestUtils.java:213) - Building POST url with path /vulnerabilities and base url http://localhost:8080/threadfix/rest
2014-05-21 13:59:35,466 [main] DEBUG com.denimgroup.threadfix.remote.HttpRestUtils (HttpRestUtils.java:219) - Returning http://localhost:8080/threadfix/rest/vulnerabilities
2014-05-21 13:59:35,790 [main] DEBUG com.denimgroup.threadfix.remote.response.ResponseParser (ResponseParser.java:61) - Parsing response for type com.denimgroup.threadfix.VulnerabilityInfo[]
2014-05-21 13:59:35,819 [main] DEBUG com.denimgroup.threadfix.remote.response.ResponseParser (ResponseParser.java:79) - Parsed result into [Lcom.denimgroup.threadfix.VulnerabilityInfo; correctly.
2014-05-21 13:59:35,820 [main] DEBUG com.denimgroup.threadfix.remote.response.ResponseParser (ResponseParser.java:88) - Setting response code to 200.
2014-05-21 13:59:35,820 [main] DEBUG com.denimgroup.threadfix.remote.HttpRestUtils (HttpRestUtils.java:213) - Building POST url with path /vulnerabilities and base url http://localhost:8080/threadfix/rest
2014-05-21 13:59:35,820 [main] DEBUG com.denimgroup.threadfix.remote.HttpRestUtils (HttpRestUtils.java:219) - Returning http://localhost:8080/threadfix/rest/vulnerabilities
2014-05-21 13:59:36,113 [main] DEBUG com.denimgroup.threadfix.remote.response.ResponseParser (ResponseParser.java:61) - Parsing response for type com.denimgroup.threadfix.VulnerabilityInfo[]
2014-05-21 13:59:36,142 [main] DEBUG com.denimgroup.threadfix.remote.response.ResponseParser (ResponseParser.java:79) - Parsed result into [Lcom.denimgroup.threadfix.VulnerabilityInfo; correctly.
2014-05-21 13:59:36,142 [main] DEBUG com.denimgroup.threadfix.remote.response.ResponseParser (ResponseParser.java:88) - Setting response code to 200.
2014-05-21 13:59:36,143 [main] DEBUG com.denimgroup.threadfix.remote.HttpRestUtils (HttpRestUtils.java:213) - Building POST url with path /vulnerabilities and base url http://localhost:8080/threadfix/rest
2014-05-21 13:59:36,143 [main] DEBUG com.denimgroup.threadfix.remote.HttpRestUtils (HttpRestUtils.java:219) - Returning http://localhost:8080/threadfix/rest/vulnerabilities
2014-05-21 13:59:36,537 [main] DEBUG com.denimgroup.threadfix.remote.response.ResponseParser (ResponseParser.java:61) - Parsing response for type com.denimgroup.threadfix.VulnerabilityInfo[]
2014-05-21 13:59:36,567 [main] DEBUG com.denimgroup.threadfix.remote.response.ResponseParser (ResponseParser.java:79) - Parsed result into [Lcom.denimgroup.threadfix.VulnerabilityInfo; correctly.
2014-05-21 13:59:36,567 [main] DEBUG com.denimgroup.threadfix.remote.response.ResponseParser (ResponseParser.java:88) - Setting response code to 200.
2014-05-21 13:59:54,592 [main] DEBUG com.denimgroup.threadfix.remote.HttpRestUtils (HttpRestUtils.java:213) - Building POST url with path /vulnerabilities and base url http://localhost:8080/threadfix/rest
2014-05-21 13:59:54,596 [main] DEBUG com.denimgroup.threadfix.remote.HttpRestUtils (HttpRestUtils.java:219) - Returning http://localhost:8080/threadfix/rest/vulnerabilities
2014-05-21 13:59:55,196 [main] DEBUG com.denimgroup.threadfix.remote.response.ResponseParser (ResponseParser.java:61) - Parsing response for type com.denimgroup.threadfix.VulnerabilityInfo[]
2014-05-21 13:59:55,411 [main] DEBUG com.denimgroup.threadfix.remote.response.ResponseParser (ResponseParser.java:79) - Parsed result into [Lcom.denimgroup.threadfix.VulnerabilityInfo; correctly.
2014-05-21 13:59:55,411 [main] DEBUG com.denimgroup.threadfix.remote.response.ResponseParser (ResponseParser.java:88) - Setting response code to 200.
2014-05-21 14:00:59,767 [main] DEBUG com.denimgroup.threadfix.remote.HttpRestUtils (HttpRestUtils.java:213) - Building POST url with path /vulnerabilities and base url http://localhost:8080/threadfix/rest
2014-05-21 14:00:59,774 [main] DEBUG com.denimgroup.threadfix.remote.HttpRestUtils (HttpRestUtils.java:219) - Returning http://localhost:8080/threadfix/rest/vulnerabilities
2014-05-21 14:01:00,408 [main] DEBUG com.denimgroup.threadfix.remote.response.ResponseParser (ResponseParser.java:61) - Parsing response for type com.denimgroup.threadfix.VulnerabilityInfo[]
2014-05-21 14:01:00,666 [main] DEBUG com.denimgroup.threadfix.remote.response.ResponseParser (ResponseParser.java:79) - Parsed result into [Lcom.denimgroup.threadfix.VulnerabilityInfo; correctly.
2014-05-21 14:01:00,666 [main] DEBUG com.denimgroup.threadfix.remote.response.ResponseParser (ResponseParser.java:88) - Setting response code to 200.
